[debug] [2017-09-21T16:26:39.598Z] ----------------------------------------------------------------------
[debug] [2017-09-21T16:26:39.600Z] Command:       /usr/local/Cellar/node/8.5.0/bin/node /usr/local/bin/firebase deploy
[debug] [2017-09-21T16:26:39.601Z] CLI Version:   3.11.0
[debug] [2017-09-21T16:26:39.601Z] Platform:      darwin
[debug] [2017-09-21T16:26:39.601Z] Node Version:  v8.5.0
[debug] [2017-09-21T16:26:39.602Z] Time:          Thu Sep 21 2017 10:26:39 GMT-0600 (MDT)
[debug] [2017-09-21T16:26:39.602Z] ----------------------------------------------------------------------
[debug] 
[debug] [2017-09-21T16:26:39.628Z] > command requires scopes: ["email","openid","https://www.googleapis.com/auth/cloudplatformprojects.readonly","https://www.googleapis.com/auth/firebase","https://www.googleapis.com/auth/cloud-platform"]
[debug] [2017-09-21T16:26:39.628Z] > authorizing via signed-in user
[debug] [2017-09-21T16:26:39.630Z] >>> HTTP REQUEST GET https://admin.firebase.com/v1/projects/kojomon-ae289  
 Thu Sep 21 2017 10:26:39 GMT-0600 (MDT)
[debug] [2017-09-21T16:26:39.964Z] <<< HTTP RESPONSE 200
[debug] [2017-09-21T16:26:39.965Z] >>> HTTP REQUEST GET https://admin.firebase.com/v1/database/kojomon-ae289/tokens  
 Thu Sep 21 2017 10:26:39 GMT-0600 (MDT)
[debug] [2017-09-21T16:26:40.307Z] <<< HTTP RESPONSE 200
[info] 
[info] === Deploying to 'kojomon-ae289'...
[info] 
[info] i  deploying hosting
[info] i  hosting: preparing Landing-page directory for upload...
[debug] [2017-09-21T16:26:41.969Z] >>> HTTP REQUEST PUT https://deploy.firebase.com/v1/hosting/kojomon-ae289/uploads/-Ku_FnsK-E-jVQLuidf8?fileCount=178&message=  
 Thu Sep 21 2017 10:26:41 GMT-0600 (MDT)
[debug] [2017-09-21T16:27:12.911Z] ----------------------------------------------------------------------
[debug] [2017-09-21T16:27:12.913Z] Command:       /usr/local/Cellar/node/8.5.0/bin/node /usr/local/bin/firebase deploy
[debug] [2017-09-21T16:27:12.914Z] CLI Version:   3.11.0
[debug] [2017-09-21T16:27:12.914Z] Platform:      darwin
[debug] [2017-09-21T16:27:12.914Z] Node Version:  v8.5.0
[debug] [2017-09-21T16:27:12.914Z] Time:          Thu Sep 21 2017 10:27:12 GMT-0600 (MDT)
[debug] [2017-09-21T16:27:12.914Z] ----------------------------------------------------------------------
[debug] 
[debug] [2017-09-21T16:27:12.926Z] > command requires scopes: ["email","openid","https://www.googleapis.com/auth/cloudplatformprojects.readonly","https://www.googleapis.com/auth/firebase","https://www.googleapis.com/auth/cloud-platform"]
[debug] [2017-09-21T16:27:12.926Z] > authorizing via signed-in user
[debug] [2017-09-21T16:27:12.928Z] >>> HTTP REQUEST GET https://admin.firebase.com/v1/projects/kojomon-ae289  
 Thu Sep 21 2017 10:27:12 GMT-0600 (MDT)
[debug] [2017-09-21T16:27:13.219Z] <<< HTTP RESPONSE 200
[debug] [2017-09-21T16:27:13.220Z] >>> HTTP REQUEST GET https://admin.firebase.com/v1/database/kojomon-ae289/tokens  
 Thu Sep 21 2017 10:27:13 GMT-0600 (MDT)
[debug] [2017-09-21T16:27:13.746Z] <<< HTTP RESPONSE 200
[info] 
[info] === Deploying to 'kojomon-ae289'...
[info] 
[info] i  deploying hosting
[info] i  hosting: preparing Landing-page directory for upload...
[debug] [2017-09-21T16:27:14.527Z] >>> HTTP REQUEST PUT https://deploy.firebase.com/v1/hosting/kojomon-ae289/uploads/-Ku_FvqLmUsD9RhCPS1j?fileCount=178&message=  
 Thu Sep 21 2017 10:27:14 GMT-0600 (MDT)
[debug] [2017-09-21T16:28:31.634Z] <<< HTTP RESPONSE 409
[debug] [2017-09-21T16:28:31.634Z] <<< HTTP RESPONSE BODY undefined
[debug] [2017-09-21T16:28:31.637Z] TypeError: Cannot read property 'error' of undefined
    at module.exports (/usr/local/lib/node_modules/firebase-tools/lib/responseToError.js:10:12)
    at Request._callback (/usr/local/lib/node_modules/firebase-tools/lib/api.js:43:25)
    at Request.self.callback (/usr/local/lib/node_modules/firebase-tools/node_modules/request/request.js:188:22)
    at emitTwo (events.js:125:13)
    at Request.emit (events.js:213:7)
    at Request.<anonymous> (/usr/local/lib/node_modules/firebase-tools/node_modules/request/request.js:1171:10)
    at emitOne (events.js:115:13)
    at Request.emit (events.js:210:7)
    at IncomingMessage.<anonymous> (/usr/local/lib/node_modules/firebase-tools/node_modules/request/request.js:1091:12)
    at Object.onceWrapper (events.js:314:30)
[error] 
[error] Error: An unexpected error has occurred.
